<?xml version="1.0" encoding="UTF-8"?>
<!-- Generated by org.testng.reporters.JUnitReportReporter -->
<testsuite hostname="LAPTOP-8DHC67VB" failures="0" tests="2" name="TestNG.TestSampleClass" time="0.012" errors="0" timestamp="2022-01-04T11:18:07 CST" skipped="0">
  <testcase classname="TestNG.TestSampleClass" name="testMergeStrings" time="0.012"/>
  <system-out/>
  <testcase classname="TestNG.TestSampleClass" name="testMergeStringsWithDash" time="0.000"/>
  <system-out/>
</testsuite> <!-- TestNG.TestSampleClass -->
